<?xml version="1.0" encoding="UTF-8"?>
<!-- Generated by org.testng.reporters.JUnitReportReporter -->
<testsuite ignored="0" hostname="DESKTOP-VT9L6NG" failures="0" tests="1" name="javaTest.Test_selenium" time="4.605" errors="0" timestamp="20 jul 2024 17:26:27 GMT" skipped="0">
  <testcase classname="javaTest.Test_selenium" name="f" time="4.605"/>
</testsuite> <!-- javaTest.Test_selenium -->
